This file contains any messages produced by compilers while
running configure, to aid debugging if configure makes a mistake.

It was created by ethercat configure 1.6.0-rc1, which was
generated by GNU Autoconf 2.71.  Invocation command line was

  $ ./configure --with-linux-dir=/media/root/48e0f43c-e356-4ad3-b6e8-1981623c64a5/kernel/linux6.13/linux-6.13-rc4 --enable-generic=yes --enable-r8169=yes --enable-igc=yes --enable-igb=yes --enable-e1000e=yes --enable-eoe=no

## --------- ##
## Platform. ##
## --------- ##

hostname = pve
uname -m = x86_64
uname -r = 6.13.0-rc4
uname -s = Linux
uname -v = #3 SMP PREEMPT_RT Fri Dec 27 18:40:51 CST 2024

/usr/bin/uname -p = unknown
/bin/uname -X     = unknown

/bin/arch              = x86_64
/usr/bin/arch -k       = unknown
/usr/convex/getsysinfo = unknown
/usr/bin/hostinfo      = unknown
/bin/machine           = unknown
/usr/bin/oslevel       = unknown
/bin/universe          = unknown

PATH: /usr/bin/
PATH: /usr/bin/
PATH: /usr/local/sbin/
PATH: /usr/local/bin/
PATH: /usr/sbin/
PATH: /usr/bin/
PATH: /sbin/
PATH: /bin/
PATH: /snap/bin/


## ----------- ##
## Core tests. ##
## ----------- ##

configure:2895: looking for aux files: config.guess config.sub ltmain.sh ar-lib compile missing install-sh
configure:2908:  trying ./autoconf/
configure:2937:   ./autoconf/config.guess found
configure:2937:   ./autoconf/config.sub found
configure:2937:   ./autoconf/ltmain.sh found
configure:2937:   ./autoconf/ar-lib found
configure:2937:   ./autoconf/compile found
configure:2937:   ./autoconf/missing found
configure:2919:   ./autoconf/install-sh found
configure:3067: checking for a BSD-compatible install
configure:3140: result: /usr/bin/install -c
configure:3151: checking whether build environment is sane
configure:3206: result: yes
configure:3365: checking for a race-free mkdir -p
configure:3409: result: /usr/bin/mkdir -p
configure:3416: checking for gawk
configure:3437: found /usr/bin/gawk
configure:3448: result: gawk
configure:3459: checking whether make sets $(MAKE)
configure:3482: result: yes
configure:3512: checking whether make supports nested variables
configure:3530: result: yes
configure:3678: checking whether make supports nested variables
configure:3696: result: yes
configure:3711: checking for a sed that does not truncate output
configure:3781: result: /usr/bin/sed
configure:3847: checking for pkg-config
configure:3870: found /usr/bin/pkg-config
configure:3882: result: /usr/bin/pkg-config
configure:3907: checking pkg-config is at least version 0.27
configure:3910: result: yes
configure:3952: checking whether make supports the include directive
configure:3967: make -f confmf.GNU && cat confinc.out
this is the am__doit target
configure:3970: $? = 0
configure:3989: result: yes (GNU style)
configure:4065: checking for gcc
configure:4086: found /usr/bin/gcc
configure:4097: result: gcc
configure:4450: checking for C compiler version
configure:4459: gcc --version >&5
gcc (Debian 12.2.0-14) 12.2.0
Copyright (C) 2022 Free Software Foundation, Inc.
This is free software; see the source for copying conditions.  There is NO
warranty; not even for MERCHANTABILITY or FITNESS FOR A PARTICULAR PURPOSE.

configure:4470: $? = 0
configure:4459: gcc -v >&5
Using built-in specs.
COLLECT_GCC=gcc
COLLECT_LTO_WRAPPER=/usr/lib/gcc/x86_64-linux-gnu/12/lto-wrapper
OFFLOAD_TARGET_NAMES=nvptx-none:amdgcn-amdhsa
OFFLOAD_TARGET_DEFAULT=1
Target: x86_64-linux-gnu
Configured with: ../src/configure -v --with-pkgversion='Debian 12.2.0-14' --with-bugurl=file:///usr/share/doc/gcc-12/README.Bugs --enable-languages=c,ada,c++,go,d,fortran,objc,obj-c++,m2 --prefix=/usr --with-gcc-major-version-only --program-suffix=-12 --program-prefix=x86_64-linux-gnu- --enable-shared --enable-linker-build-id --libexecdir=/usr/lib --without-included-gettext --enable-threads=posix --libdir=/usr/lib --enable-nls --enable-clocale=gnu --enable-libstdcxx-debug --enable-libstdcxx-time=yes --with-default-libstdcxx-abi=new --enable-gnu-unique-object --disable-vtable-verify --enable-plugin --enable-default-pie --with-system-zlib --enable-libphobos-checking=release --with-target-system-zlib=auto --enable-objc-gc=auto --enable-multiarch --disable-werror --enable-cet --with-arch-32=i686 --with-abi=m64 --with-multilib-list=m32,m64,mx32 --enable-multilib --with-tune=generic --enable-offload-targets=nvptx-none=/build/gcc-12-bTRWOB/gcc-12-12.2.0/debian/tmp-nvptx/usr,amdgcn-amdhsa=/build/gcc-12-bTRWOB/gcc-12-12.2.0/debian/tmp-gcn/usr --enable-offload-defaulted --without-cuda-driver --enable-checking=release --build=x86_64-linux-gnu --host=x86_64-linux-gnu --target=x86_64-linux-gnu
Thread model: posix
Supported LTO compression algorithms: zlib zstd
gcc version 12.2.0 (Debian 12.2.0-14) 
... rest of stderr output deleted ...
configure:4470: $? = 0
configure:4459: gcc -V >&5
gcc: error: unrecognized command-line option '-V'
gcc: fatal error: no input files
compilation terminated.
configure:4470: $? = 1
configure:4459: gcc -qversion >&5
gcc: error: unrecognized command-line option '-qversion'; did you mean '--version'?
gcc: fatal error: no input files
compilation terminated.
configure:4470: $? = 1
configure:4459: gcc -version >&5
gcc: error: unrecognized command-line option '-version'
gcc: fatal error: no input files
compilation terminated.
configure:4470: $? = 1
configure:4490: checking whether the C compiler works
configure:4512: gcc    conftest.c  >&5
configure:4516: $? = 0
configure:4566: result: yes
configure:4569: checking for C compiler default output file name
configure:4571: result: a.out
configure:4577: checking for suffix of executables
configure:4584: gcc -o conftest    conftest.c  >&5
configure:4588: $? = 0
configure:4611: result: 
configure:4633: checking whether we are cross compiling
configure:4641: gcc -o conftest    conftest.c  >&5
configure:4645: $? = 0
configure:4652: ./conftest
configure:4656: $? = 0
configure:4671: result: no
configure:4676: checking for suffix of object files
configure:4699: gcc -c   conftest.c >&5
configure:4703: $? = 0
configure:4725: result: o
configure:4729: checking whether the compiler supports GNU C
configure:4749: gcc -c   conftest.c >&5
configure:4749: $? = 0
configure:4759: result: yes
configure:4770: checking whether gcc accepts -g
configure:4791: gcc -c -g  conftest.c >&5
configure:4791: $? = 0
configure:4835: result: yes
configure:4855: checking for gcc option to enable C11 features
configure:4870: gcc  -c -g -O2  conftest.c >&5
configure:4870: $? = 0
configure:4888: result: none needed
configure:5004: checking whether gcc understands -c and -o together
configure:5027: gcc -c conftest.c -o conftest2.o
configure:5030: $? = 0
configure:5027: gcc -c conftest.c -o conftest2.o
configure:5030: $? = 0
configure:5042: result: yes
configure:5061: checking dependency style of gcc
configure:5173: result: gcc3
configure:5245: checking for ar
configure:5266: found /usr/bin/ar
configure:5277: result: ar
configure:5303: checking the archiver (ar) interface
configure:5320: gcc -c -g -O2  conftest.c >&5
configure:5320: $? = 0
configure:5323: ar cru libconftest.a conftest.o >&5
ar: `u' modifier ignored since `D' is the default (see `U')
configure:5326: $? = 0
configure:5354: result: ar
configure:5443: checking for g++
configure:5464: found /usr/bin/g++
configure:5475: result: g++
configure:5502: checking for C++ compiler version
configure:5511: g++ --version >&5
g++ (Debian 12.2.0-14) 12.2.0
Copyright (C) 2022 Free Software Foundation, Inc.
This is free software; see the source for copying conditions.  There is NO
warranty; not even for MERCHANTABILITY or FITNESS FOR A PARTICULAR PURPOSE.

configure:5522: $? = 0
configure:5511: g++ -v >&5
Using built-in specs.
COLLECT_GCC=g++
COLLECT_LTO_WRAPPER=/usr/lib/gcc/x86_64-linux-gnu/12/lto-wrapper
OFFLOAD_TARGET_NAMES=nvptx-none:amdgcn-amdhsa
OFFLOAD_TARGET_DEFAULT=1
Target: x86_64-linux-gnu
Configured with: ../src/configure -v --with-pkgversion='Debian 12.2.0-14' --with-bugurl=file:///usr/share/doc/gcc-12/README.Bugs --enable-languages=c,ada,c++,go,d,fortran,objc,obj-c++,m2 --prefix=/usr --with-gcc-major-version-only --program-suffix=-12 --program-prefix=x86_64-linux-gnu- --enable-shared --enable-linker-build-id --libexecdir=/usr/lib --without-included-gettext --enable-threads=posix --libdir=/usr/lib --enable-nls --enable-clocale=gnu --enable-libstdcxx-debug --enable-libstdcxx-time=yes --with-default-libstdcxx-abi=new --enable-gnu-unique-object --disable-vtable-verify --enable-plugin --enable-default-pie --with-system-zlib --enable-libphobos-checking=release --with-target-system-zlib=auto --enable-objc-gc=auto --enable-multiarch --disable-werror --enable-cet --with-arch-32=i686 --with-abi=m64 --with-multilib-list=m32,m64,mx32 --enable-multilib --with-tune=generic --enable-offload-targets=nvptx-none=/build/gcc-12-bTRWOB/gcc-12-12.2.0/debian/tmp-nvptx/usr,amdgcn-amdhsa=/build/gcc-12-bTRWOB/gcc-12-12.2.0/debian/tmp-gcn/usr --enable-offload-defaulted --without-cuda-driver --enable-checking=release --build=x86_64-linux-gnu --host=x86_64-linux-gnu --target=x86_64-linux-gnu
Thread model: posix
Supported LTO compression algorithms: zlib zstd
gcc version 12.2.0 (Debian 12.2.0-14) 
... rest of stderr output deleted ...
configure:5522: $? = 0
configure:5511: g++ -V >&5
g++: error: unrecognized command-line option '-V'
g++: fatal error: no input files
compilation terminated.
configure:5522: $? = 1
configure:5511: g++ -qversion >&5
g++: error: unrecognized command-line option '-qversion'; did you mean '--version'?
g++: fatal error: no input files
compilation terminated.
configure:5522: $? = 1
configure:5526: checking whether the compiler supports GNU C++
configure:5546: g++ -c   conftest.cpp >&5
configure:5546: $? = 0
configure:5556: result: yes
configure:5567: checking whether g++ accepts -g
configure:5588: g++ -c -g  conftest.cpp >&5
configure:5588: $? = 0
configure:5632: result: yes
configure:5652: checking for g++ option to enable C++11 features
configure:5667: g++  -c -g -O2  conftest.cpp >&5
conftest.cpp: In function 'int main(int, char**)':
conftest.cpp:177:25: warning: empty parentheses were disambiguated as a function declaration [-Wvexing-parse]
  177 |   cxx11test::delegate d2();
      |                         ^~
conftest.cpp:177:25: note: remove parentheses to default-initialize a variable
  177 |   cxx11test::delegate d2();
      |                         ^~
      |                         --
conftest.cpp:177:25: note: or replace parentheses with braces to value-initialize a variable
configure:5667: $? = 0
configure:5685: result: none needed
configure:5751: checking dependency style of g++
configure:5863: result: gcc3
configure:5910: checking build system type
configure:5925: result: x86_64-pc-linux-gnu
configure:5945: checking host system type
configure:5959: result: x86_64-pc-linux-gnu
configure:6000: checking how to print strings
configure:6027: result: printf
configure:6048: checking for a sed that does not truncate output
configure:6118: result: /usr/bin/sed
configure:6136: checking for grep that handles long lines and -e
configure:6200: result: /usr/bin/grep
configure:6205: checking for egrep
configure:6273: result: /usr/bin/grep -E
configure:6278: checking for fgrep
configure:6346: result: /usr/bin/grep -F
configure:6382: checking for ld used by gcc
configure:6450: result: /usr/bin/ld
configure:6457: checking if the linker (/usr/bin/ld) is GNU ld
configure:6473: result: yes
configure:6485: checking for BSD- or MS-compatible name lister (nm)
configure:6540: result: /usr/bin/nm -B
configure:6680: checking the name lister (/usr/bin/nm -B) interface
configure:6688: gcc -c -g -O2  conftest.c >&5
configure:6691: /usr/bin/nm -B "conftest.o"
configure:6694: output
0000000000000000 B some_variable
configure:6701: result: BSD nm
configure:6704: checking whether ln -s works
configure:6708: result: yes
configure:6716: checking the maximum length of command line arguments
configure:6848: result: 1572864
configure:6896: checking how to convert x86_64-pc-linux-gnu file names to x86_64-pc-linux-gnu format
configure:6937: result: func_convert_file_noop
configure:6944: checking how to convert x86_64-pc-linux-gnu file names to toolchain format
configure:6965: result: func_convert_file_noop
configure:6972: checking for /usr/bin/ld option to reload object files
configure:6980: result: -r
configure:7059: checking for objdump
configure:7080: found /usr/bin/objdump
configure:7091: result: objdump
configure:7123: checking how to recognize dependent libraries
configure:7324: result: pass_all
configure:7414: checking for dlltool
configure:7449: result: no
configure:7479: checking how to associate runtime and link libraries
configure:7507: result: printf %s\n
configure:7641: checking for archiver @FILE support
configure:7659: gcc -c -g -O2  conftest.c >&5
configure:7659: $? = 0
configure:7663: ar cr libconftest.a @conftest.lst >&5
configure:7666: $? = 0
configure:7671: ar cr libconftest.a @conftest.lst >&5
ar: conftest.o: No such file or directory
configure:7674: $? = 1
configure:7686: result: @
configure:7749: checking for strip
configure:7770: found /usr/bin/strip
configure:7781: result: strip
configure:7858: checking for ranlib
configure:7879: found /usr/bin/ranlib
configure:7890: result: ranlib
configure:7992: checking command to parse /usr/bin/nm -B output from gcc object
configure:8146: gcc -c -g -O2  conftest.c >&5
configure:8149: $? = 0
configure:8153: /usr/bin/nm -B conftest.o | sed -n -e 's/^.*[	 ]\([ABCDGIRSTW][ABCDGIRSTW]*\)[	 ][	 ]*\([_A-Za-z][_A-Za-z0-9]*\)$/\1 \2 \2/p' | sed '/ __gnu_lto/d' > conftest.nm
configure:8219: gcc -o conftest -g -O2   conftest.c conftstm.o >&5
configure:8222: $? = 0
configure:8260: result: ok
configure:8307: checking for sysroot
configure:8338: result: no
configure:8345: checking for a working dd
configure:8389: result: /usr/bin/dd
configure:8393: checking how to truncate binary pipes
configure:8409: result: /usr/bin/dd bs=4096 count=1
configure:8546: gcc -c -g -O2  conftest.c >&5
configure:8549: $? = 0
configure:8746: checking for mt
configure:8767: found /usr/bin/mt
configure:8778: result: mt
configure:8801: checking if mt is a manifest tool
configure:8808: mt '-?'
configure:8816: result: no
configure:9546: checking for stdio.h
configure:9546: gcc -c -g -O2  conftest.c >&5
configure:9546: $? = 0
configure:9546: result: yes
configure:9546: checking for stdlib.h
configure:9546: gcc -c -g -O2  conftest.c >&5
configure:9546: $? = 0
configure:9546: result: yes
configure:9546: checking for string.h
configure:9546: gcc -c -g -O2  conftest.c >&5
configure:9546: $? = 0
configure:9546: result: yes
configure:9546: checking for inttypes.h
configure:9546: gcc -c -g -O2  conftest.c >&5
configure:9546: $? = 0
configure:9546: result: yes
configure:9546: checking for stdint.h
configure:9546: gcc -c -g -O2  conftest.c >&5
configure:9546: $? = 0
configure:9546: result: yes
configure:9546: checking for strings.h
configure:9546: gcc -c -g -O2  conftest.c >&5
configure:9546: $? = 0
configure:9546: result: yes
configure:9546: checking for sys/stat.h
configure:9546: gcc -c -g -O2  conftest.c >&5
configure:9546: $? = 0
configure:9546: result: yes
configure:9546: checking for sys/types.h
configure:9546: gcc -c -g -O2  conftest.c >&5
configure:9546: $? = 0
configure:9546: result: yes
configure:9546: checking for unistd.h
configure:9546: gcc -c -g -O2  conftest.c >&5
configure:9546: $? = 0
configure:9546: result: yes
configure:9571: checking for dlfcn.h
configure:9571: gcc -c -g -O2  conftest.c >&5
configure:9571: $? = 0
configure:9571: result: yes
configure:9841: checking for objdir
configure:9857: result: .libs
configure:10121: checking if gcc supports -fno-rtti -fno-exceptions
configure:10140: gcc -c -g -O2  -fno-rtti -fno-exceptions conftest.c >&5
cc1: warning: command-line option '-fno-rtti' is valid for C++/D/ObjC++ but not for C
configure:10144: $? = 0
configure:10157: result: no
configure:10521: checking for gcc option to produce PIC
configure:10529: result: -fPIC -DPIC
configure:10537: checking if gcc PIC flag -fPIC -DPIC works
configure:10556: gcc -c -g -O2  -fPIC -DPIC -DPIC conftest.c >&5
configure:10560: $? = 0
configure:10573: result: yes
configure:10602: checking if gcc static flag -static works
configure:10631: result: yes
configure:10646: checking if gcc supports -c -o file.o
configure:10668: gcc -c -g -O2  -o out/conftest2.o conftest.c >&5
configure:10672: $? = 0
configure:10694: result: yes
configure:10702: checking if gcc supports -c -o file.o
configure:10750: result: yes
configure:10783: checking whether the gcc linker (/usr/bin/ld -m elf_x86_64) supports shared libraries
configure:12053: result: yes
configure:12090: checking whether -lc should be explicitly linked in
configure:12099: gcc -c -g -O2  conftest.c >&5
configure:12102: $? = 0
configure:12117: gcc -shared  -fPIC -DPIC conftest.o  -v -Wl,-soname -Wl,conftest -o conftest 2\>\&1 \| /usr/bin/grep  -lc  \>/dev/null 2\>\&1
configure:12120: $? = 0
configure:12134: result: no
configure:12294: checking dynamic linker characteristics
configure:12876: gcc -o conftest -g -O2   -Wl,-rpath -Wl,/foo conftest.c  >&5
configure:12876: $? = 0
configure:13127: result: GNU/Linux ld.so
configure:13249: checking how to hardcode library paths into programs
configure:13274: result: immediate
configure:13826: checking whether stripping libraries is possible
configure:13831: result: yes
configure:13866: checking if libtool supports shared libraries
configure:13868: result: yes
configure:13871: checking whether to build shared libraries
configure:13896: result: yes
configure:13899: checking whether to build static libraries
configure:13903: result: yes
configure:13926: checking how to run the C++ preprocessor
configure:13948: g++ -E  conftest.cpp
configure:13948: $? = 0
configure:13963: g++ -E  conftest.cpp
conftest.cpp:23:10: fatal error: ac_nonexistent.h: No such file or directory
   23 | #include <ac_nonexistent.h>
      |          ^~~~~~~~~~~~~~~~~~
compilation terminated.
configure:13963: $? = 1
configure: failed program was:
| /* confdefs.h */
| #define PACKAGE_NAME "ethercat"
| #define PACKAGE_TARNAME "ethercat"
| #define PACKAGE_VERSION "1.6.0-rc1"
| #define PACKAGE_STRING "ethercat 1.6.0-rc1"
| #define PACKAGE_BUGREPORT "fp@igh.de"
| #define PACKAGE_URL ""
| #define PACKAGE "ethercat"
| #define VERSION "1.6.0-rc1"
| #define HAVE_STDIO_H 1
| #define HAVE_STDLIB_H 1
| #define HAVE_STRING_H 1
| #define HAVE_INTTYPES_H 1
| #define HAVE_STDINT_H 1
| #define HAVE_STRINGS_H 1
| #define HAVE_SYS_STAT_H 1
| #define HAVE_SYS_TYPES_H 1
| #define HAVE_UNISTD_H 1
| #define STDC_HEADERS 1
| #define HAVE_DLFCN_H 1
| #define LT_OBJDIR ".libs/"
| /* end confdefs.h.  */
| #include <ac_nonexistent.h>
configure:13990: result: g++ -E
configure:14004: g++ -E  conftest.cpp
configure:14004: $? = 0
configure:14019: g++ -E  conftest.cpp
conftest.cpp:23:10: fatal error: ac_nonexistent.h: No such file or directory
   23 | #include <ac_nonexistent.h>
      |          ^~~~~~~~~~~~~~~~~~
compilation terminated.
configure:14019: $? = 1
configure: failed program was:
| /* confdefs.h */
| #define PACKAGE_NAME "ethercat"
| #define PACKAGE_TARNAME "ethercat"
| #define PACKAGE_VERSION "1.6.0-rc1"
| #define PACKAGE_STRING "ethercat 1.6.0-rc1"
| #define PACKAGE_BUGREPORT "fp@igh.de"
| #define PACKAGE_URL ""
| #define PACKAGE "ethercat"
| #define VERSION "1.6.0-rc1"
| #define HAVE_STDIO_H 1
| #define HAVE_STDLIB_H 1
| #define HAVE_STRING_H 1
| #define HAVE_INTTYPES_H 1
| #define HAVE_STDINT_H 1
| #define HAVE_STRINGS_H 1
| #define HAVE_SYS_STAT_H 1
| #define HAVE_SYS_TYPES_H 1
| #define HAVE_UNISTD_H 1
| #define STDC_HEADERS 1
| #define HAVE_DLFCN_H 1
| #define LT_OBJDIR ".libs/"
| /* end confdefs.h.  */
| #include <ac_nonexistent.h>
configure:14184: checking for ld used by g++
configure:14252: result: /usr/bin/ld -m elf_x86_64
configure:14259: checking if the linker (/usr/bin/ld -m elf_x86_64) is GNU ld
configure:14275: result: yes
configure:14330: checking whether the g++ linker (/usr/bin/ld -m elf_x86_64) supports shared libraries
configure:15407: result: yes
configure:15443: g++ -c -g -O2  conftest.cpp >&5
configure:15446: $? = 0
configure:15927: checking for g++ option to produce PIC
configure:15935: result: -fPIC -DPIC
configure:15943: checking if g++ PIC flag -fPIC -DPIC works
configure:15962: g++ -c -g -O2  -fPIC -DPIC -DPIC conftest.cpp >&5
configure:15966: $? = 0
configure:15979: result: yes
configure:16002: checking if g++ static flag -static works
configure:16031: result: yes
configure:16043: checking if g++ supports -c -o file.o
configure:16065: g++ -c -g -O2  -o out/conftest2.o conftest.cpp >&5
configure:16069: $? = 0
configure:16091: result: yes
configure:16096: checking if g++ supports -c -o file.o
configure:16144: result: yes
configure:16174: checking whether the g++ linker (/usr/bin/ld -m elf_x86_64) supports shared libraries
configure:16217: result: yes
configure:16359: checking dynamic linker characteristics
configure:17119: result: GNU/Linux ld.so
configure:17184: checking how to hardcode library paths into programs
configure:17209: result: immediate
configure:17275: checking whether to build kernel modules
configure:17298: result: yes
configure:17343: checking for Linux kernel sources
configure:17380: result: /media/root/48e0f43c-e356-4ad3-b6e8-1981623c64a5/kernel/linux6.13/linux-6.13-rc4 (Kernel 6.13)
configure:17402: checking for Linux modules installation directory
configure:17404: result: ethercat
configure:17706: checking for kernel for e1000e driver
configure:17720: result: 6.13
configure:17724: checking for e1000e source layout
configure:17731: result: >= 3.10
configure:17800: checking for kernel for igb driver
configure:17807: result: 6.13
configure:17863: checking for kernel for igc driver
configure:17870: result: 6.13
configure:17927: checking for kernel for r8169 driver
configure:17941: result: 6.13
configure:17952: checking whether to build the CCAT driver
configure:17978: result: no
configure:18014: checking for RTAI path
configure:18018: result: not specified.
configure:18070: checking for Xenomai path
configure:18074: result: not specified.
configure:18140: checking whether to build RTDM interface
configure:18150: result: no
configure:18169: checking whether to build the debug interface
configure:18198: result: no
configure:18217: checking whether to build the debug ring
configure:18246: result: no
configure:18254: checking whether to build with EoE support
configure:18283: result: no
configure:18302: checking whether to use the CPU timestamp counter
configure:18331: result: no
configure:18339: checking whether to use rtmutexes
configure:18368: result: no
configure:18376: checking whether to use high-resolution timers for scheduling
configure:18405: result: no
configure:18413: checking whether to read alias addresses from registers
configure:18442: result: no
configure:18450: checking whether to force the reference clock to OP
configure:18479: result: no
configure:18487: checking whether to build the command-line tool
configure:18510: result: yes
configure:18530: checking whether to build the userspace library
configure:18553: result: yes
configure:18573: checking whether to build the tty driver
configure:18599: result: no
configure:18618: checking whether to allow identification wildcards
configure:18647: result: no
configure:18670: checking for number of Ethernet devices
configure:18680: result: 1 (Redundancy disabled)
configure:18693: checking whether to assign the SII to PDI
configure:18719: result: yes
configure:18730: checking whether to syslog in realtime context
configure:18756: result: yes
configure:18767: checking whether to use loop control registers
configure:18796: result: no
configure:18864: checking whether to skip SDO dictionary during slave scan
configure:18893: result: no
configure:19002: checking that generated files are newer than configure
configure:19008: result: done
configure:19115: creating ./config.status

## ---------------------- ##
## Running config.status. ##
## ---------------------- ##

This file was extended by ethercat config.status 1.6.0-rc1, which was
generated by GNU Autoconf 2.71.  Invocation command line was

  CONFIG_FILES    = 
  CONFIG_HEADERS  = 
  CONFIG_LINKS    = 
  CONFIG_COMMANDS = 
  $ ./config.status 

on pve

config.status:1266: creating Doxyfile
config.status:1266: creating Kbuild
config.status:1266: creating Makefile
config.status:1266: creating devices/Kbuild
config.status:1266: creating devices/Makefile
config.status:1266: creating devices/ccat/Kbuild
config.status:1266: creating devices/ccat/Makefile
config.status:1266: creating devices/e1000/Kbuild
config.status:1266: creating devices/e1000/Makefile
config.status:1266: creating devices/e1000e/Kbuild
config.status:1266: creating devices/e1000e/Makefile
config.status:1266: creating devices/igb/Kbuild
config.status:1266: creating devices/igb/Makefile
config.status:1266: creating devices/igc/Kbuild
config.status:1266: creating devices/igc/Makefile
config.status:1266: creating ethercat.spec
config.status:1266: creating examples/Kbuild
config.status:1266: creating examples/Makefile
config.status:1266: creating examples/dc_rtai/Kbuild
config.status:1266: creating examples/dc_rtai/Makefile
config.status:1266: creating examples/dc_user/Makefile
config.status:1266: creating examples/mini/Kbuild
config.status:1266: creating examples/mini/Makefile
config.status:1266: creating examples/rtai/Kbuild
config.status:1266: creating examples/rtai/Makefile
config.status:1266: creating examples/rtai_rtdm/Makefile
config.status:1266: creating examples/rtai_rtdm_dc/Makefile
config.status:1266: creating examples/tty/Kbuild
config.status:1266: creating examples/tty/Makefile
config.status:1266: creating examples/user/Makefile
config.status:1266: creating examples/xenomai/Makefile
config.status:1266: creating examples/xenomai_posix/Makefile
config.status:1266: creating include/Makefile
config.status:1266: creating lib/Makefile
config.status:1266: creating lib/libethercat.pc
config.status:1266: creating master/Kbuild
config.status:1266: creating master/Makefile
config.status:1266: creating script/Makefile
config.status:1266: creating tool/Makefile
config.status:1266: creating tty/Kbuild
config.status:1266: creating tty/Makefile
config.status:1266: creating config.h
config.status:1447: config.h is unchanged
config.status:1495: executing depfiles commands
config.status:1572: cd examples/dc_user       && sed -e '/# am--include-marker/d' Makefile         | make -f - am--depfiles
make: Nothing to be done for 'am--depfiles'.
config.status:1577: $? = 0
config.status:1572: cd examples/rtai_rtdm       && sed -e '/# am--include-marker/d' Makefile         | make -f - am--depfiles
make: Nothing to be done for 'am--depfiles'.
config.status:1577: $? = 0
config.status:1572: cd examples/rtai_rtdm_dc       && sed -e '/# am--include-marker/d' Makefile         | make -f - am--depfiles
make: Nothing to be done for 'am--depfiles'.
config.status:1577: $? = 0
config.status:1572: cd examples/user       && sed -e '/# am--include-marker/d' Makefile         | make -f - am--depfiles
make: Nothing to be done for 'am--depfiles'.
config.status:1577: $? = 0
config.status:1572: cd examples/xenomai       && sed -e '/# am--include-marker/d' Makefile         | make -f - am--depfiles
make: Nothing to be done for 'am--depfiles'.
config.status:1577: $? = 0
config.status:1572: cd examples/xenomai_posix       && sed -e '/# am--include-marker/d' Makefile         | make -f - am--depfiles
make: Nothing to be done for 'am--depfiles'.
config.status:1577: $? = 0
config.status:1572: cd lib       && sed -e '/# am--include-marker/d' Makefile         | make -f - am--depfiles
make: Nothing to be done for 'am--depfiles'.
config.status:1577: $? = 0
config.status:1572: cd tool       && sed -e '/# am--include-marker/d' Makefile         | make -f - am--depfiles
make: Nothing to be done for 'am--depfiles'.
config.status:1577: $? = 0
config.status:1495: executing libtool commands

## ---------------- ##
## Cache variables. ##
## ---------------- ##

ac_cv_build=x86_64-pc-linux-gnu
ac_cv_c_compiler_gnu=yes
ac_cv_cxx_compiler_gnu=yes
ac_cv_env_CCC_set=
ac_cv_env_CCC_value=
ac_cv_env_CC_set=
ac_cv_env_CC_value=
ac_cv_env_CFLAGS_set=
ac_cv_env_CFLAGS_value=
ac_cv_env_CPPFLAGS_set=
ac_cv_env_CPPFLAGS_value=
ac_cv_env_CXXCPP_set=
ac_cv_env_CXXCPP_value=
ac_cv_env_CXXFLAGS_set=
ac_cv_env_CXXFLAGS_value=
ac_cv_env_CXX_set=
ac_cv_env_CXX_value=
ac_cv_env_LDFLAGS_set=
ac_cv_env_LDFLAGS_value=
ac_cv_env_LIBS_set=
ac_cv_env_LIBS_value=
ac_cv_env_LT_SYS_LIBRARY_PATH_set=
ac_cv_env_LT_SYS_LIBRARY_PATH_value=
ac_cv_env_PKG_CONFIG_LIBDIR_set=
ac_cv_env_PKG_CONFIG_LIBDIR_value=
ac_cv_env_PKG_CONFIG_PATH_set=
ac_cv_env_PKG_CONFIG_PATH_value=
ac_cv_env_PKG_CONFIG_set=
ac_cv_env_PKG_CONFIG_value=
ac_cv_env_build_alias_set=
ac_cv_env_build_alias_value=
ac_cv_env_host_alias_set=
ac_cv_env_host_alias_value=
ac_cv_env_target_alias_set=
ac_cv_env_target_alias_value=
ac_cv_header_dlfcn_h=yes
ac_cv_header_inttypes_h=yes
ac_cv_header_stdint_h=yes
ac_cv_header_stdio_h=yes
ac_cv_header_stdlib_h=yes
ac_cv_header_string_h=yes
ac_cv_header_strings_h=yes
ac_cv_header_sys_stat_h=yes
ac_cv_header_sys_types_h=yes
ac_cv_header_unistd_h=yes
ac_cv_host=x86_64-pc-linux-gnu
ac_cv_objext=o
ac_cv_path_EGREP='/usr/bin/grep -E'
ac_cv_path_FGREP='/usr/bin/grep -F'
ac_cv_path_GREP=/usr/bin/grep
ac_cv_path_SED=/usr/bin/sed
ac_cv_path_ac_pt_PKG_CONFIG=/usr/bin/pkg-config
ac_cv_path_install='/usr/bin/install -c'
ac_cv_path_lt_DD=/usr/bin/dd
ac_cv_path_mkdir=/usr/bin/mkdir
ac_cv_prog_AWK=gawk
ac_cv_prog_CXXCPP='g++ -E'
ac_cv_prog_ac_ct_AR=ar
ac_cv_prog_ac_ct_CC=gcc
ac_cv_prog_ac_ct_CXX=g++
ac_cv_prog_ac_ct_MANIFEST_TOOL=mt
ac_cv_prog_ac_ct_OBJDUMP=objdump
ac_cv_prog_ac_ct_RANLIB=ranlib
ac_cv_prog_ac_ct_STRIP=strip
ac_cv_prog_cc_c11=
ac_cv_prog_cc_g=yes
ac_cv_prog_cc_stdc=
ac_cv_prog_cxx_11=no
ac_cv_prog_cxx_cxx11=
ac_cv_prog_cxx_g=yes
ac_cv_prog_cxx_stdcxx=
ac_cv_prog_make_make_set=yes
am_cv_CC_dependencies_compiler_type=gcc3
am_cv_CXX_dependencies_compiler_type=gcc3
am_cv_ar_interface=ar
am_cv_make_support_nested_variables=yes
am_cv_prog_cc_c_o=yes
lt_cv_ar_at_file=@
lt_cv_archive_cmds_need_lc=no
lt_cv_deplibs_check_method=pass_all
lt_cv_file_magic_cmd='$MAGIC_CMD'
lt_cv_file_magic_test_file=
lt_cv_ld_reload_flag=-r
lt_cv_nm_interface='BSD nm'
lt_cv_objdir=.libs
lt_cv_path_LD=/usr/bin/ld
lt_cv_path_LDCXX='/usr/bin/ld -m elf_x86_64'
lt_cv_path_NM='/usr/bin/nm -B'
lt_cv_path_mainfest_tool=no
lt_cv_prog_compiler_c_o=yes
lt_cv_prog_compiler_c_o_CXX=yes
lt_cv_prog_compiler_pic='-fPIC -DPIC'
lt_cv_prog_compiler_pic_CXX='-fPIC -DPIC'
lt_cv_prog_compiler_pic_works=yes
lt_cv_prog_compiler_pic_works_CXX=yes
lt_cv_prog_compiler_rtti_exceptions=no
lt_cv_prog_compiler_static_works=yes
lt_cv_prog_compiler_static_works_CXX=yes
lt_cv_prog_gnu_ld=yes
lt_cv_prog_gnu_ldcxx=yes
lt_cv_sharedlib_from_linklib_cmd='printf %s\n'
lt_cv_shlibpath_overrides_runpath=yes
lt_cv_sys_global_symbol_pipe='sed -n -e '\''s/^.*[	 ]\([ABCDGIRSTW][ABCDGIRSTW]*\)[	 ][	 ]*\([_A-Za-z][_A-Za-z0-9]*\)$/\1 \2 \2/p'\'' | sed '\''/ __gnu_lto/d'\'''
lt_cv_sys_global_symbol_to_c_name_address='sed -n -e '\''s/^: \(.*\) .*$/  {"\1", (void *) 0},/p'\'' -e '\''s/^[ABCDGIRSTW][ABCDGIRSTW]* .* \(.*\)$/  {"\1", (void *) \&\1},/p'\'''
lt_cv_sys_global_symbol_to_c_name_address_lib_prefix='sed -n -e '\''s/^: \(.*\) .*$/  {"\1", (void *) 0},/p'\'' -e '\''s/^[ABCDGIRSTW][ABCDGIRSTW]* .* \(lib.*\)$/  {"\1", (void *) \&\1},/p'\'' -e '\''s/^[ABCDGIRSTW][ABCDGIRSTW]* .* \(.*\)$/  {"lib\1", (void *) \&\1},/p'\'''
lt_cv_sys_global_symbol_to_cdecl='sed -n -e '\''s/^T .* \(.*\)$/extern int \1();/p'\'' -e '\''s/^[ABCDGIRSTW][ABCDGIRSTW]* .* \(.*\)$/extern char \1;/p'\'''
lt_cv_sys_global_symbol_to_import=
lt_cv_sys_max_cmd_len=1572864
lt_cv_to_host_file_cmd=func_convert_file_noop
lt_cv_to_tool_file_cmd=func_convert_file_noop
lt_cv_truncate_bin='/usr/bin/dd bs=4096 count=1'

## ----------------- ##
## Output variables. ##
## ----------------- ##

ACLOCAL='${SHELL} '\''/media/root/48e0f43c-e356-4ad3-b6e8-1981623c64a5/workspace/ethercat-master/autoconf/missing'\'' aclocal-1.16'
AMDEPBACKSLASH='\'
AMDEP_FALSE='#'
AMDEP_TRUE=''
AMTAR='$${TAR-tar}'
AM_BACKSLASH='\'
AM_DEFAULT_V='$(AM_DEFAULT_VERBOSITY)'
AM_DEFAULT_VERBOSITY='0'
AM_V='$(V)'
AR='ar'
AUTOCONF='${SHELL} '\''/media/root/48e0f43c-e356-4ad3-b6e8-1981623c64a5/workspace/ethercat-master/autoconf/missing'\'' autoconf'
AUTOHEADER='${SHELL} '\''/media/root/48e0f43c-e356-4ad3-b6e8-1981623c64a5/workspace/ethercat-master/autoconf/missing'\'' autoheader'
AUTOMAKE='${SHELL} '\''/media/root/48e0f43c-e356-4ad3-b6e8-1981623c64a5/workspace/ethercat-master/autoconf/missing'\'' automake-1.16'
AWK='gawk'
BUILD_TOOL_FALSE='#'
BUILD_TOOL_TRUE=''
CC='gcc'
CCDEPMODE='depmode=gcc3'
CFLAGS='-g -O2'
CPPFLAGS=''
CSCOPE='cscope'
CTAGS='ctags'
CXX='g++'
CXXCPP='g++ -E'
CXXDEPMODE='depmode=gcc3'
CXXFLAGS='-g -O2'
CYGPATH_W='echo'
DEFS='-DHAVE_CONFIG_H'
DEPDIR='.deps'
DLLTOOL='false'
DSYMUTIL=''
DUMPBIN=''
E1000E_LAYOUT='2'
ECHO_C=''
ECHO_N='-n'
ECHO_T=''
EGREP='/usr/bin/grep -E'
ENABLE_8139TOO='0'
ENABLE_8139TOO_FALSE=''
ENABLE_8139TOO_TRUE='#'
ENABLE_CCAT='0'
ENABLE_CCAT_FALSE=''
ENABLE_CCAT_TRUE='#'
ENABLE_DEBUG_IF='0'
ENABLE_DEBUG_IF_FALSE=''
ENABLE_DEBUG_IF_TRUE='#'
ENABLE_E1000='0'
ENABLE_E1000E='1'
ENABLE_E1000E_FALSE='#'
ENABLE_E1000E_TRUE=''
ENABLE_E1000_FALSE=''
ENABLE_E1000_TRUE='#'
ENABLE_E100='0'
ENABLE_E100_FALSE=''
ENABLE_E100_TRUE='#'
ENABLE_EOE='0'
ENABLE_EOE_FALSE=''
ENABLE_EOE_TRUE='#'
ENABLE_GENERIC='1'
ENABLE_GENERIC_FALSE='#'
ENABLE_GENERIC_TRUE=''
ENABLE_IGB='1'
ENABLE_IGB_FALSE='#'
ENABLE_IGB_TRUE=''
ENABLE_IGC='1'
ENABLE_IGC_FALSE='#'
ENABLE_IGC_TRUE=''
ENABLE_KERNEL='1'
ENABLE_KERNEL_FALSE='#'
ENABLE_KERNEL_TRUE=''
ENABLE_R8169='1'
ENABLE_R8169_FALSE='#'
ENABLE_R8169_TRUE=''
ENABLE_RTAI='0'
ENABLE_RTAI_FALSE=''
ENABLE_RTAI_TRUE='#'
ENABLE_RTDM='0'
ENABLE_RTDM_FALSE=''
ENABLE_RTDM_TRUE='#'
ENABLE_TTY='0'
ENABLE_TTY_FALSE=''
ENABLE_TTY_TRUE='#'
ENABLE_USERLIB_FALSE='#'
ENABLE_USERLIB_TRUE=''
ENABLE_XENOMAI='0'
ENABLE_XENOMAI_FALSE=''
ENABLE_XENOMAI_TRUE='#'
ETAGS='etags'
EXEEXT=''
FGREP='/usr/bin/grep -F'
GREP='/usr/bin/grep'
HAVE_INITD_FALSE='#'
HAVE_INITD_TRUE=''
HAVE_SYSTEMD_FALSE='#'
HAVE_SYSTEMD_TRUE=''
INSTALL_DATA='${INSTALL} -m 644'
INSTALL_MOD_DIR='ethercat'
INSTALL_PROGRAM='${INSTALL}'
INSTALL_SCRIPT='${INSTALL}'
INSTALL_STRIP_PROGRAM='$(install_sh) -c -s'
KERNEL_8139TOO='6.13'
KERNEL_E1000='6.13'
KERNEL_E1000E='6.13'
KERNEL_E100='6.13'
KERNEL_IGB='6.13'
KERNEL_IGC='6.13'
KERNEL_R8169='6.13'
LD='/usr/bin/ld -m elf_x86_64'
LDFLAGS=''
LIBOBJS=''
LIBS=''
LIBTOOL='$(SHELL) $(top_builddir)/libtool'
LINUX_SOURCE_DIR='/media/root/48e0f43c-e356-4ad3-b6e8-1981623c64a5/kernel/linux6.13/linux-6.13-rc4'
LIPO=''
LN_S='ln -s'
LTLIBOBJS=''
LT_SYS_LIBRARY_PATH=''
MAKEINFO='${SHELL} '\''/media/root/48e0f43c-e356-4ad3-b6e8-1981623c64a5/workspace/ethercat-master/autoconf/missing'\'' makeinfo'
MANIFEST_TOOL=':'
MKDIR_P='/usr/bin/mkdir -p'
NM='/usr/bin/nm -B'
NMEDIT=''
OBJDUMP='objdump'
OBJEXT='o'
OTOOL64=''
OTOOL=''
PACKAGE='ethercat'
PACKAGE_BUGREPORT='fp@igh.de'
PACKAGE_NAME='ethercat'
PACKAGE_STRING='ethercat 1.6.0-rc1'
PACKAGE_TARNAME='ethercat'
PACKAGE_URL=''
PACKAGE_VERSION='1.6.0-rc1'
PATH_SEPARATOR=':'
PKG_CONFIG='/usr/bin/pkg-config'
PKG_CONFIG_LIBDIR=''
PKG_CONFIG_PATH=''
RANLIB='ranlib'
RTAI_DIR=''
RTAI_LXRT_CFLAGS=''
RTAI_LXRT_LDFLAGS=''
SED='/usr/bin/sed'
SET_MAKE=''
SHELL='/bin/bash'
STRIP='strip'
VERSION='1.6.0-rc1'
XENOMAI_DIR=''
XENOMAI_NATIVE_CFLAGS=''
XENOMAI_NATIVE_LDFLAGS=''
XENOMAI_POSIX_CFLAGS=''
XENOMAI_POSIX_LDFLAGS=''
XENOMAI_RTDM_CFLAGS=''
XENOMAI_RTDM_LDFLAGS=''
ac_ct_AR='ar'
ac_ct_CC='gcc'
ac_ct_CXX='g++'
ac_ct_DUMPBIN=''
am__EXEEXT_FALSE=''
am__EXEEXT_TRUE='#'
am__fastdepCC_FALSE='#'
am__fastdepCC_TRUE=''
am__fastdepCXX_FALSE='#'
am__fastdepCXX_TRUE=''
am__include='include'
am__isrc=''
am__leading_dot='.'
am__nodep='_no'
am__quote=''
am__tar='$${TAR-tar} chof - "$$tardir"'
am__untar='$${TAR-tar} xf -'
bindir='${exec_prefix}/bin'
build='x86_64-pc-linux-gnu'
build_alias=''
build_cpu='x86_64'
build_os='linux-gnu'
build_vendor='pc'
datadir='${datarootdir}'
datarootdir='${prefix}/share'
docdir='${datarootdir}/doc/${PACKAGE_TARNAME}'
dvidir='${docdir}'
exec_prefix='${prefix}'
host='x86_64-pc-linux-gnu'
host_alias=''
host_cpu='x86_64'
host_os='linux-gnu'
host_vendor='pc'
htmldir='${docdir}'
includedir='${prefix}/include'
infodir='${datarootdir}/info'
install_sh='${SHELL} /media/root/48e0f43c-e356-4ad3-b6e8-1981623c64a5/workspace/ethercat-master/autoconf/install-sh'
libdir='${exec_prefix}/lib'
libexecdir='${exec_prefix}/libexec'
localedir='${datarootdir}/locale'
localstatedir='${prefix}/var'
mandir='${datarootdir}/man'
mkdir_p='$(MKDIR_P)'
oldincludedir='/usr/include'
pdfdir='${docdir}'
pkgconfigdir='${libdir}/pkgconfig'
prefix='/usr/local'
program_transform_name='s,x,x,'
psdir='${docdir}'
runstatedir='${localstatedir}/run'
sbindir='${exec_prefix}/sbin'
sharedstatedir='${prefix}/com'
sysconfdir='${prefix}/etc'
systemdsystemunitdir='/lib/systemd/system'
target_alias=''

## ----------- ##
## confdefs.h. ##
## ----------- ##

/* confdefs.h */
#define PACKAGE_NAME "ethercat"
#define PACKAGE_TARNAME "ethercat"
#define PACKAGE_VERSION "1.6.0-rc1"
#define PACKAGE_STRING "ethercat 1.6.0-rc1"
#define PACKAGE_BUGREPORT "fp@igh.de"
#define PACKAGE_URL ""
#define PACKAGE "ethercat"
#define VERSION "1.6.0-rc1"
#define HAVE_STDIO_H 1
#define HAVE_STDLIB_H 1
#define HAVE_STRING_H 1
#define HAVE_INTTYPES_H 1
#define HAVE_STDINT_H 1
#define HAVE_STRINGS_H 1
#define HAVE_SYS_STAT_H 1
#define HAVE_SYS_TYPES_H 1
#define HAVE_UNISTD_H 1
#define STDC_HEADERS 1
#define HAVE_DLFCN_H 1
#define LT_OBJDIR ".libs/"
#define EC_MAX_NUM_DEVICES 1
#define EC_SII_ASSIGN 1
#define EC_RT_SYSLOG 1

configure: exit 0
